{
  "RSpec": {
    "coverage": {
      "/Users/akshitmeghawat/Documents/Calculator/lib/maths.rb": [
        1,
        1,
        1,
        1,
        1,
        1,
        1,
        1,
        1,
        1,
        1,
        1,
        1,
        1,
        1
      ],
      "/Users/akshitmeghawat/Documents/Calculator/lib/maths/calculatorparser.rb": [
        null,
        null,
        1,
        null,
        1,
        12,
        12,
        12,
        1,
        1,
        null,
        1,
        1,
        null,
        1,
        1,
        null,
        1,
        1,
        null,
        1,
        1,
        null,
        1,
        1,
        null,
        1,
        1,
        null,
        1,
        1,
        null,
        1,
        1,
        null,
        1,
        1,
        null,
        1,
        null,
        1,
        null,
        12,
        null,
        null,
        null
      ],
      "/Users/akshitmeghawat/Documents/Calculator/lib/maths/calculator.rb": [
        null,
        null,
        1,
        null,
        1,
        23,
        null,
        null,
        1,
        4,
        null,
        null,
        1,
        5,
        null,
        null,
        1,
        2,
        null,
        null,
        1,
        2,
        null,
        null,
        1,
        2,
        null,
        null,
        1,
        2,
        null,
        null,
        1,
        2,
        null,
        null,
        1,
        2,
        null,
        null,
        1,
        2,
        null,
        null,
        1,
        2,
        null,
        null,
        1,
        1,
        null,
        null,
        null
      ],
      "/Users/akshitmeghawat/Documents/Calculator/lib/maths/application.rb": [
        null,
        1,
        null,
        1,
        1,
        1,
        null,
        null,
        1,
        0,
        0,
        0,
        null,
        0,
        0,
        0,
        0,
        0,
        null,
        null,
        1,
        1,
        1,
        1,
        null,
        null,
        null
      ],
      "/Users/akshitmeghawat/Documents/Calculator/lib/maths/addcommand.rb": [
        null,
        1,
        null,
        1,
        3,
        null,
        null,
        1,
        2,
        null,
        null,
        null
      ],
      "/Users/akshitmeghawat/Documents/Calculator/lib/maths/subtractcommand.rb": [
        null,
        1,
        null,
        1,
        3,
        null,
        null,
        1,
        2,
        null,
        null,
        null
      ],
      "/Users/akshitmeghawat/Documents/Calculator/lib/maths/negcommand.rb": [
        1,
        null,
        1,
        1,
        null,
        null,
        null
      ],
      "/Users/akshitmeghawat/Documents/Calculator/lib/maths/sqrcommand.rb": [
        1,
        null,
        1,
        1,
        null,
        null,
        null
      ],
      "/Users/akshitmeghawat/Documents/Calculator/lib/maths/cubecommand.rb": [
        1,
        null,
        1,
        1,
        null,
        null,
        null
      ],
      "/Users/akshitmeghawat/Documents/Calculator/lib/maths/dividecommand.rb": [
        1,
        null,
        1,
        2,
        null,
        null,
        1,
        1,
        null,
        null,
        null
      ],
      "/Users/akshitmeghawat/Documents/Calculator/lib/maths/multiplycommand.rb": [
        1,
        null,
        1,
        2,
        null,
        null,
        1,
        1,
        null,
        null,
        null
      ],
      "/Users/akshitmeghawat/Documents/Calculator/lib/maths/sqrtcommand.rb": [
        1,
        null,
        1,
        1,
        null,
        null,
        null
      ],
      "/Users/akshitmeghawat/Documents/Calculator/lib/maths/cubertcommand.rb": [
        1,
        null,
        1,
        1,
        null,
        null,
        null
      ],
      "/Users/akshitmeghawat/Documents/Calculator/lib/maths/abscommand.rb": [
        1,
        null,
        1,
        1,
        null,
        null,
        null
      ],
      "/Users/akshitmeghawat/Documents/Calculator/lib/maths/repeatcommand.rb": [
        1,
        null,
        1,
        2,
        2,
        null,
        null,
        1,
        1,
        1,
        2,
        2,
        null,
        1,
        null,
        null,
        null
      ],
      "/Users/akshitmeghawat/Documents/Calculator/lib/maths/cancelcommand.rb": [
        1,
        null,
        1,
        1,
        null,
        null,
        null
      ],
      "/Users/akshitmeghawat/Documents/Calculator/spec/maths/addcommand_spec.rb": [
        1,
        null,
        1,
        2,
        2,
        1,
        1,
        null,
        null,
        null
      ],
      "/Users/akshitmeghawat/Documents/Calculator/spec/maths/application_spec.rb": [
        1,
        1,
        null,
        1,
        null,
        1,
        2,
        2,
        1,
        null,
        1,
        1,
        null,
        null,
        null,
        null,
        null
      ],
      "/Users/akshitmeghawat/Documents/Calculator/spec/maths/calculator_spec.rb": [
        1,
        null,
        1,
        null,
        11,
        1,
        1,
        null,
        1,
        1,
        null,
        1,
        1,
        null,
        1,
        1,
        null,
        1,
        1,
        null,
        1,
        1,
        null,
        1,
        1,
        1,
        null,
        1,
        1,
        null,
        1,
        1,
        1,
        null,
        1,
        1,
        1,
        null,
        null,
        null
      ],
      "/Users/akshitmeghawat/Documents/Calculator/spec/maths/calculatorparser_spec.rb": [
        1,
        null,
        1,
        null,
        13,
        13,
        1,
        1,
        null,
        1,
        1,
        null,
        1,
        1,
        null,
        1,
        1,
        null,
        1,
        1,
        null,
        1,
        1,
        null,
        1,
        1,
        null,
        1,
        1,
        null,
        1,
        1,
        null,
        1,
        1,
        null,
        1,
        1,
        null,
        1,
        1,
        null,
        null,
        null
      ],
      "/Users/akshitmeghawat/Documents/Calculator/spec/maths/cancelcommand_spec.rb": [
        1,
        null,
        1,
        null,
        2,
        2,
        1,
        1,
        null,
        null,
        null
      ],
      "/Users/akshitmeghawat/Documents/Calculator/spec/maths/cubecommand_spec.rb": [
        1,
        null,
        1,
        null,
        2,
        2,
        1,
        1,
        null,
        null,
        null
      ],
      "/Users/akshitmeghawat/Documents/Calculator/spec/maths/cubertcommand_spec.rb": [
        1,
        null,
        1,
        null,
        2,
        2,
        1,
        1,
        null,
        null,
        null
      ],
      "/Users/akshitmeghawat/Documents/Calculator/spec/maths/dividecommand_spec.rb": [
        1,
        null,
        1,
        null,
        2,
        2,
        1,
        1,
        null,
        null,
        null
      ],
      "/Users/akshitmeghawat/Documents/Calculator/spec/maths/multiplycommand_spec.rb": [
        1,
        null,
        1,
        null,
        2,
        2,
        1,
        1,
        null,
        null,
        null
      ],
      "/Users/akshitmeghawat/Documents/Calculator/spec/maths/negcommand_spec.rb": [
        1,
        null,
        1,
        null,
        2,
        2,
        1,
        1,
        null,
        null,
        null
      ],
      "/Users/akshitmeghawat/Documents/Calculator/spec/maths/repeatcommand_spec.rb": [
        1,
        null,
        1,
        null,
        2,
        2,
        1,
        1,
        1,
        1,
        1,
        null,
        null,
        null
      ],
      "/Users/akshitmeghawat/Documents/Calculator/spec/maths/sqrtcommand_spec.rb": [
        1,
        null,
        1,
        null,
        2,
        2,
        1,
        1,
        null,
        null,
        null
      ],
      "/Users/akshitmeghawat/Documents/Calculator/spec/maths/squarecommand_spec.rb": [
        1,
        null,
        1,
        null,
        2,
        2,
        1,
        1,
        null,
        null,
        null
      ],
      "/Users/akshitmeghawat/Documents/Calculator/spec/maths/subtractcommand_spec.rb": [
        1,
        null,
        1,
        null,
        2,
        2,
        1,
        1,
        null,
        null,
        null
      ]
    },
    "timestamp": 1423196587
  }
}
